SO-Client/Library/Bee/Android/Prj/IL2CPP/Gradle/launcher/build/intermediates/manifest_merge_blame_file/release/manifest-merger-blame-release-report.txt
1<?xml version="1.0" encoding="utf-8"?>
2<manifest xmlns:android="http://schemas.android.com/apk/res/android"
3    package="com.DefaultCompany.com.unity.template.mobile2D"
4    android:installLocation="preferExternal"
5    android:versionCode="1"
6    android:versionName="1.0.2" >
7
8    <uses-sdk
9        android:minSdkVersion="28"
9-->src\main\AndroidManifest.xml
10        android:targetSdkVersion="35" />
10-->src\main\AndroidManifest.xml
11
12    <supports-screens
12-->src\main\AndroidManifest.xml:3:3-163
13        android:anyDensity="true"
13-->src\main\AndroidManifest.xml:3:135-160
14        android:largeScreens="true"
14-->src\main\AndroidManifest.xml:3:78-105
15        android:normalScreens="true"
15-->src\main\AndroidManifest.xml:3:49-77
16        android:smallScreens="true"
16-->src\main\AndroidManifest.xml:3:21-48
17        android:xlargeScreens="true" />
17-->src\main\AndroidManifest.xml:3:106-134
18
19    <uses-feature android:glEsVersion="0x00030000" />
19-->[:unityLibrary] AndroidManifest.xml:8:5-54
19-->[:unityLibrary] AndroidManifest.xml:8:19-51
20    <uses-feature
20-->[:unityLibrary] AndroidManifest.xml:9:5-11:36
21        android:name="android.hardware.vulkan.version"
21-->[:unityLibrary] AndroidManifest.xml:10:9-55
22        android:required="false" />
22-->[:unityLibrary] AndroidManifest.xml:11:9-33
23
24    <uses-permission android:name="android.permission.INTERNET" />
24-->[:unityLibrary] AndroidManifest.xml:13:5-67
24-->[:unityLibrary] AndroidManifest.xml:13:22-64
25
26    <uses-feature
26-->[:unityLibrary] AndroidManifest.xml:15:5-17:36
27        android:name="android.hardware.touchscreen"
27-->[:unityLibrary] AndroidManifest.xml:16:9-52
28        android:required="false" />
28-->[:unityLibrary] AndroidManifest.xml:17:9-33
29    <uses-feature
29-->[:unityLibrary] AndroidManifest.xml:18:5-20:36
30        android:name="android.hardware.touchscreen.multitouch"
30-->[:unityLibrary] AndroidManifest.xml:19:9-63
31        android:required="false" />
31-->[:unityLibrary] AndroidManifest.xml:20:9-33
32    <uses-feature
32-->[:unityLibrary] AndroidManifest.xml:21:5-23:36
33        android:name="android.hardware.touchscreen.multitouch.distinct"
33-->[:unityLibrary] AndroidManifest.xml:22:9-72
34        android:required="false" />
34-->[:unityLibrary] AndroidManifest.xml:23:9-33
35
36    <uses-permission android:name="android.permission.POST_NOTIFICATIONS" />
36-->[:unityLibrary:mobilenotifications.androidlib] AndroidManifest.xml:7:5-77
36-->[:unityLibrary:mobilenotifications.androidlib] AndroidManifest.xml:7:22-74
37
38    <application
38-->src\main\AndroidManifest.xml:4:3-83
39        android:extractNativeLibs="true"
39-->[:unityLibrary] AndroidManifest.xml:25:18-50
40        android:icon="@mipmap/app_icon"
40-->src\main\AndroidManifest.xml:4:49-80
41        android:label="@string/app_name" >
41-->src\main\AndroidManifest.xml:4:16-48
42        <activity
42-->[:unityLibrary] AndroidManifest.xml:26:9-47:20
43            android:name="com.unity3d.player.UnityPlayerActivity"
43-->[:unityLibrary] AndroidManifest.xml:27:13-66
44            android:configChanges="mcc|mnc|locale|touchscreen|keyboard|keyboardHidden|navigation|orientation|screenLayout|uiMode|screenSize|smallestScreenSize|fontScale|layoutDirection|density"
44-->[:unityLibrary] AndroidManifest.xml:28:13-194
45            android:exported="true"
45-->[:unityLibrary] AndroidManifest.xml:29:13-36
46            android:hardwareAccelerated="false"
46-->[:unityLibrary] AndroidManifest.xml:30:13-48
47            android:launchMode="singleTask"
47-->[:unityLibrary] AndroidManifest.xml:31:13-44
48            android:resizeableActivity="false"
48-->[:unityLibrary] AndroidManifest.xml:32:13-47
49            android:screenOrientation="landscape"
49-->[:unityLibrary] AndroidManifest.xml:33:13-50
50            android:theme="@style/UnityThemeSelector" >
50-->[:unityLibrary] AndroidManifest.xml:34:13-54
51            <intent-filter>
51-->[:unityLibrary] AndroidManifest.xml:35:13-39:29
52                <action android:name="android.intent.action.MAIN" />
52-->[:unityLibrary] AndroidManifest.xml:36:17-69
52-->[:unityLibrary] AndroidManifest.xml:36:25-66
53
54                <category android:name="android.intent.category.LAUNCHER" />
54-->[:unityLibrary] AndroidManifest.xml:38:17-77
54-->[:unityLibrary] AndroidManifest.xml:38:27-74
55            </intent-filter>
56
57            <meta-data
57-->[:unityLibrary] AndroidManifest.xml:41:13-43:40
58                android:name="unityplayer.UnityActivity"
58-->[:unityLibrary] AndroidManifest.xml:42:17-57
59                android:value="true" />
59-->[:unityLibrary] AndroidManifest.xml:43:17-37
60            <meta-data
60-->[:unityLibrary] AndroidManifest.xml:44:13-46:40
61                android:name="android.notch_support"
61-->[:unityLibrary] AndroidManifest.xml:45:17-53
62                android:value="true" />
62-->[:unityLibrary] AndroidManifest.xml:46:17-37
63        </activity>
64
65        <meta-data
65-->[:unityLibrary] AndroidManifest.xml:49:9-51:33
66            android:name="unity.splash-mode"
66-->[:unityLibrary] AndroidManifest.xml:50:13-45
67            android:value="0" />
67-->[:unityLibrary] AndroidManifest.xml:51:13-30
68        <meta-data
68-->[:unityLibrary] AndroidManifest.xml:52:9-54:36
69            android:name="unity.splash-enable"
69-->[:unityLibrary] AndroidManifest.xml:53:13-47
70            android:value="True" />
70-->[:unityLibrary] AndroidManifest.xml:54:13-33
71        <meta-data
71-->[:unityLibrary] AndroidManifest.xml:55:9-57:36
72            android:name="unity.launch-fullscreen"
72-->[:unityLibrary] AndroidManifest.xml:56:13-51
73            android:value="True" />
73-->[:unityLibrary] AndroidManifest.xml:57:13-33
74        <meta-data
74-->[:unityLibrary] AndroidManifest.xml:58:9-60:50
75            android:name="notch.config"
75-->[:unityLibrary] AndroidManifest.xml:59:13-40
76            android:value="portrait|landscape" />
76-->[:unityLibrary] AndroidManifest.xml:60:13-47
77        <meta-data
77-->[:unityLibrary] AndroidManifest.xml:61:9-63:36
78            android:name="unity.auto-report-fully-drawn"
78-->[:unityLibrary] AndroidManifest.xml:62:13-57
79            android:value="true" />
79-->[:unityLibrary] AndroidManifest.xml:63:13-33
80
81        <receiver
81-->[:unityLibrary:mobilenotifications.androidlib] AndroidManifest.xml:10:9-12:40
82            android:name="com.unity.androidnotifications.UnityNotificationManager"
82-->[:unityLibrary:mobilenotifications.androidlib] AndroidManifest.xml:11:13-83
83            android:exported="false" />
83-->[:unityLibrary:mobilenotifications.androidlib] AndroidManifest.xml:12:13-37
84        <receiver
84-->[:unityLibrary:mobilenotifications.androidlib] AndroidManifest.xml:13:9-20:20
85            android:name="com.unity.androidnotifications.UnityNotificationRestartReceiver"
85-->[:unityLibrary:mobilenotifications.androidlib] AndroidManifest.xml:14:13-91
86            android:enabled="false"
86-->[:unityLibrary:mobilenotifications.androidlib] AndroidManifest.xml:15:13-36
87            android:exported="false" >
87-->[:unityLibrary:mobilenotifications.androidlib] AndroidManifest.xml:16:13-37
88            <intent-filter>
88-->[:unityLibrary:mobilenotifications.androidlib] AndroidManifest.xml:17:13-19:29
89                <action android:name="android.intent.action.BOOT_COMPLETED" />
89-->[:unityLibrary:mobilenotifications.androidlib] AndroidManifest.xml:18:17-79
89-->[:unityLibrary:mobilenotifications.androidlib] AndroidManifest.xml:18:25-76
90            </intent-filter>
91        </receiver>
92
93        <meta-data
93-->[:unityLibrary:mobilenotifications.androidlib] AndroidManifest.xml:22:9-24:33
94            android:name="com.unity.androidnotifications.exact_scheduling"
94-->[:unityLibrary:mobilenotifications.androidlib] AndroidManifest.xml:23:13-75
95            android:value="0" />
95-->[:unityLibrary:mobilenotifications.androidlib] AndroidManifest.xml:24:13-30
96    </application>
97
98</manifest>